<?xml version="1.0" encoding="UTF-8"?>
<!-- Generated by org.testng.reporters.JUnitXMLReporter -->
<testsuite hostname="DESKTOP-0ADFHDL" ignored="0" name="Test6" tests="12" failures="0" timestamp="01 Oct 2021 10:32:49 GMT" time="4.863" errors="0">
  <testcase name="@BeforeTest beforeTest" time="4.834" classname="Base.base">
    <failure type="org.openqa.selenium.WebDriverException" message="Process unexpectedly closed with status 0
Build info: version: &amp;apos;3.141.59&amp;apos;, revision: &amp;apos;e82be7d358&amp;apos;, time: &amp;apos;2018-11-14T08:17:03&amp;apos;
System info: host: &amp;apos;DESKTOP-0ADFHDL&amp;apos;, ip: &amp;apos;192.168.0.169&amp;apos;, os.name: &amp;apos;Windows 10&amp;apos;, os.arch: &amp;apos;amd64&amp;apos;, os.version: &amp;apos;10.0&amp;apos;, java.version: &amp;apos;1.8.0_301&amp;apos;
Driver info: driver.version: FirefoxDriver
remote stacktrace: ">
      <![CDATA[org.openqa.selenium.WebDriverException: Process unexpectedly closed with status 0
Build info: version: '3.141.59', revision: 'e82be7d358', time: '2018-11-14T08:17:03'
System info: host: 'DESKTOP-0ADFHDL', ip: '192.168.0.169', os.name: 'Windows 10', os.arch: 'amd64', os.version: '10.0', java.version: '1.8.0_301'
Driver info: driver.version: FirefoxDriver
remote stacktrace: 
at org.openqa.selenium.remote.W3CHandshakeResponse.lambda$errorHandler$0(W3CHandshakeResponse.java:62)
at org.openqa.selenium.remote.HandshakeResponse.lambda$getResponseFunction$0(HandshakeResponse.java:30)
at org.openqa.selenium.remote.ProtocolHandshake.lambda$createSession$0(ProtocolHandshake.java:126)
at java.util.stream.ReferencePipeline$3$1.accept(ReferencePipeline.java:193)
at java.util.Spliterators$ArraySpliterator.tryAdvance(Spliterators.java:958)
at java.util.stream.ReferencePipeline.forEachWithCancel(ReferencePipeline.java:126)
at java.util.stream.AbstractPipeline.copyIntoWithCancel(AbstractPipeline.java:499)
at java.util.stream.AbstractPipeline.copyInto(AbstractPipeline.java:486)
at java.util.stream.AbstractPipeline.wrapAndCopyInto(AbstractPipeline.java:472)
at java.util.stream.FindOps$FindOp.evaluateSequential(FindOps.java:152)
at java.util.stream.AbstractPipeline.evaluate(AbstractPipeline.java:234)
at java.util.stream.ReferencePipeline.findFirst(ReferencePipeline.java:464)
at org.openqa.selenium.remote.ProtocolHandshake.createSession(ProtocolHandshake.java:128)
at org.openqa.selenium.remote.ProtocolHandshake.createSession(ProtocolHandshake.java:74)
at org.openqa.selenium.remote.HttpCommandExecutor.execute(HttpCommandExecutor.java:136)
at org.openqa.selenium.remote.service.DriverCommandExecutor.execute(DriverCommandExecutor.java:83)
at org.openqa.selenium.remote.RemoteWebDriver.execute(RemoteWebDriver.java:552)
at org.openqa.selenium.remote.RemoteWebDriver.startSession(RemoteWebDriver.java:213)
at org.openqa.selenium.remote.RemoteWebDriver.<init>(RemoteWebDriver.java:131)
at org.openqa.selenium.firefox.FirefoxDriver.<init>(FirefoxDriver.java:147)
at org.openqa.selenium.firefox.FirefoxDriver.<init>(FirefoxDriver.java:125)
at Base.DriverUtil.getBrowser(DriverUtil.java:37)
at Base.base.beforeTest(base.java:12)
... Removed 28 stack frames]]>
    </failure>
  </testcase> <!-- @BeforeTest beforeTest -->
  <testcase name="@AfterTest afterTest" time="0.0" classname="Base.base">
    <skipped/>
  </testcase> <!-- @AfterTest afterTest -->
  <testcase name="testUrl" time="0.0" classname="tsRoundTrip.roundTripTC">
    <skipped/>
  </testcase> <!-- testUrl -->
  <testcase name="TC32" time="0.0" classname="tsRoundTrip.roundTripTC">
    <skipped/>
  </testcase> <!-- TC32 -->
  <testcase name="TC33" time="0.0" classname="tsRoundTrip.roundTripTC">
    <skipped/>
  </testcase> <!-- TC33 -->
  <testcase name="TC34" time="0.0" classname="tsRoundTrip.roundTripTC">
    <skipped/>
  </testcase> <!-- TC34 -->
  <testcase name="TC37" time="0.0" classname="tsRoundTrip.roundTripTC">
    <skipped/>
  </testcase> <!-- TC37 -->
  <testcase name="TC38" time="0.0" classname="tsRoundTrip.roundTripTC">
    <skipped/>
  </testcase> <!-- TC38 -->
  <testcase name="TC39" time="0.0" classname="tsRoundTrip.roundTripTC">
    <skipped/>
  </testcase> <!-- TC39 -->
  <testcase name="TC40" time="0.0" classname="tsRoundTrip.roundTripTC">
    <skipped/>
  </testcase> <!-- TC40 -->
  <testcase name="TC41" time="0.0" classname="tsRoundTrip.roundTripTC">
    <skipped/>
  </testcase> <!-- TC41 -->
  <testcase name="TC42" time="0.0" classname="tsRoundTrip.roundTripTC">
    <skipped/>
  </testcase> <!-- TC42 -->
  <testcase name="TC43" time="0.0" classname="tsRoundTrip.roundTripTC">
    <skipped/>
  </testcase> <!-- TC43 -->
  <testcase name="TC44" time="0.0" classname="tsRoundTrip.roundTripTC">
    <skipped/>
  </testcase> <!-- TC44 -->
</testsuite> <!-- Test6 -->
